Building DAG of jobs...
Using shell: /usr/bin/bash
Provided cores: 36
Rules claiming more threads will be scaled down.
Job counts:
	count	jobs
	1	dereplicate
	1

[Wed Sep 22 18:46:15 2021]
rule dereplicate:
    input: /vortexfs1/scratch/lma/KillifishMicrobiome/filtered/KLF_29_R1.fastq.gz, /vortexfs1/scratch/lma/KillifishMicrobiome/filtered/KLF_18_R1.fastq.gz, /vortexfs1/scratch/lma/KillifishMicrobiome/filtered/KLF_47_R1.fastq.gz, /vortexfs1/scratch/lma/KillifishMicrobiome/filtered/KLF_14_R1.fastq.gz, /vortexfs1/scratch/lma/KillifishMicrobiome/filtered/KLF_23_R1.fastq.gz, /vortexfs1/scratch/lma/KillifishMicrobiome/filtered/KLF_238_R1.fastq.gz, /vortexfs1/scratch/lma/KillifishMicrobiome/filtered/KLF_78_R1.fastq.gz, /vortexfs1/scratch/lma/KillifishMicrobiome/filtered/KLF_extraction_Ctrl_1_R1.fastq.gz, /vortexfs1/scratch/lma/KillifishMicrobiome/filtered/KLF_56_R1.fastq.gz, /vortexfs1/scratch/lma/KillifishMicrobiome/filtered/KLF_48_R1.fastq.gz, /vortexfs1/scratch/lma/KillifishMicrobiome/filtered/KLF_236_R1.fastq.gz, /vortexfs1/scratch/lma/KillifishMicrobiome/filtered/KLF_32_R1.fastq.gz, /vortexfs1/scratch/lma/KillifishMicrobiome/filtered/KLF_202_R1.fastq.gz, /vortexfs1/scratch/lma/KillifishMicrobiome/filtered/KLF_214_R1.fastq.gz, /vortexfs1/scratch/lma/KillifishMicrobiome/filtered/KLF_212_R1.fastq.gz, /vortexfs1/scratch/lma/KillifishMicrobiome/filtered/KLF_extraction_Ctrl_2_R1.fastq.gz, /vortexfs1/scratch/lma/KillifishMicrobiome/filtered/KLF_12_R1.fastq.gz, /vortexfs1/scratch/lma/KillifishMicrobiome/filtered/KLF_227_R1.fastq.gz, /vortexfs1/scratch/lma/KillifishMicrobiome/filtered/KLF_114_R1.fastq.gz, /vortexfs1/scratch/lma/KillifishMicrobiome/filtered/KLF_SC_water_1_R1.fastq.gz, /vortexfs1/scratch/lma/KillifishMicrobiome/filtered/KLF_52_R1.fastq.gz, /vortexfs1/scratch/lma/KillifishMicrobiome/filtered/KLF_19_R1.fastq.gz, /vortexfs1/scratch/lma/KillifishMicrobiome/filtered/KLF_58_R1.fastq.gz, /vortexfs1/scratch/lma/KillifishMicrobiome/filtered/KLF_234_R1.fastq.gz, /vortexfs1/scratch/lma/KillifishMicrobiome/filtered/KLF_105_R1.fastq.gz, /vortexfs1/scratch/lma/KillifishMicrobiome/filtered/KLF_Mock2_R1.fastq.gz, /vortexfs1/scratch/lma/KillifishMicrobiome/filtered/KLF_51_R1.fastq.gz, /vortexfs1/scratch/lma/KillifishMicrobiome/filtered/KLF_107_R1.fastq.gz, /vortexfs1/scratch/lma/KillifishMicrobiome/filtered/KLF_26_R1.fastq.gz, /vortexfs1/scratch/lma/KillifishMicrobiome/filtered/KLF_75_R1.fastq.gz, /vortexfs1/scratch/lma/KillifishMicrobiome/filtered/KLF_37_R1.fastq.gz, /vortexfs1/scratch/lma/KillifishMicrobiome/filtered/KLF_235_R1.fastq.gz, /vortexfs1/scratch/lma/KillifishMicrobiome/filtered/KLF_209_R1.fastq.gz, /vortexfs1/scratch/lma/KillifishMicrobiome/filtered/KLF_205_R1.fastq.gz, /vortexfs1/scratch/lma/KillifishMicrobiome/filtered/KLF_35_R1.fastq.gz, /vortexfs1/scratch/lma/KillifishMicrobiome/filtered/KLF_43_R1.fastq.gz, /vortexfs1/scratch/lma/KillifishMicrobiome/filtered/KLF_110_R1.fastq.gz, /vortexfs1/scratch/lma/KillifishMicrobiome/filtered/KLF_extraction_Ctrl_4_R1.fastq.gz, /vortexfs1/scratch/lma/KillifishMicrobiome/filtered/KLF_22_R1.fastq.gz, /vortexfs1/scratch/lma/KillifishMicrobiome/filtered/KLF_54_R1.fastq.gz, /vortexfs1/scratch/lma/KillifishMicrobiome/filtered/KLF_71_R1.fastq.gz, /vortexfs1/scratch/lma/KillifishMicrobiome/filtered/KLF_222_R1.fastq.gz, /vortexfs1/scratch/lma/KillifishMicrobiome/filtered/KLF_103_R1.fastq.gz, /vortexfs1/scratch/lma/KillifishMicrobiome/filtered/KLF_1_R1.fastq.gz, /vortexfs1/scratch/lma/KillifishMicrobiome/filtered/KLF_neg_R1.fastq.gz, /vortexfs1/scratch/lma/KillifishMicrobiome/filtered/KLF_21_R1.fastq.gz, /vortexfs1/scratch/lma/KillifishMicrobiome/filtered/KLF_5_R1.fastq.gz, /vortexfs1/scratch/lma/KillifishMicrobiome/filtered/KLF_15_R1.fastq.gz, /vortexfs1/scratch/lma/KillifishMicrobiome/filtered/KLF_224_R1.fastq.gz, /vortexfs1/scratch/lma/KillifishMicrobiome/filtered/KLF_7_R1.fastq.gz, /vortexfs1/scratch/lma/KillifishMicrobiome/filtered/KLF_X1_R1.fastq.gz, /vortexfs1/scratch/lma/KillifishMicrobiome/filtered/KLF_2_R1.fastq.gz, /vortexfs1/scratch/lma/KillifishMicrobiome/filtered/KLF_10_R1.fastq.gz, /vortexfs1/scratch/lma/KillifishMicrobiome/filtered/KLF_207_R1.fastq.gz, /vortexfs1/scratch/lma/KillifishMicrobiome/filtered/KLF_46_R1.fastq.gz, /vortexfs1/scratch/lma/KillifishMicrobiome/filtered/KLF_77_R1.fastq.gz, /vortexfs1/scratch/lma/KillifishMicrobiome/filtered/KLF_17_R1.fastq.gz, /vortexfs1/scratch/lma/KillifishMicrobiome/filtered/KLF_217_R1.fastq.gz, /vortexfs1/scratch/lma/KillifishMicrobiome/filtered/KLF_39_R1.fastq.gz, /vortexfs1/scratch/lma/KillifishMicrobiome/filtered/KLF_44_R1.fastq.gz, /vortexfs1/scratch/lma/KillifishMicrobiome/filtered/KLF_16_R1.fastq.gz, /vortexfs1/scratch/lma/KillifishMicrobiome/filtered/KLF_233_R1.fastq.gz, /vortexfs1/scratch/lma/KillifishMicrobiome/filtered/KLF_101_R1.fastq.gz, /vortexfs1/scratch/lma/KillifishMicrobiome/filtered/KLF_213_R1.fastq.gz, /vortexfs1/scratch/lma/KillifishMicrobiome/filtered/KLF_232_R1.fastq.gz, /vortexfs1/scratch/lma/KillifishMicrobiome/filtered/KLF_230_R1.fastq.gz, /vortexfs1/scratch/lma/KillifishMicrobiome/filtered/KLF_74_R1.fastq.gz, /vortexfs1/scratch/lma/KillifishMicrobiome/filtered/KLF_38_R1.fastq.gz, /vortexfs1/scratch/lma/KillifishMicrobiome/filtered/KLF_extraction_Ctrl_3_R1.fastq.gz, /vortexfs1/scratch/lma/KillifishMicrobiome/filtered/KLF_80_R1.fastq.gz, /vortexfs1/scratch/lma/KillifishMicrobiome/filtered/KLF_231_R1.fastq.gz, /vortexfs1/scratch/lma/KillifishMicrobiome/filtered/KLF_45_R1.fastq.gz, /vortexfs1/scratch/lma/KillifishMicrobiome/filtered/KLF_102_R1.fastq.gz, /vortexfs1/scratch/lma/KillifishMicrobiome/filtered/KLF_113_R1.fastq.gz, /vortexfs1/scratch/lma/KillifishMicrobiome/filtered/KLF_20_R1.fastq.gz, /vortexfs1/scratch/lma/KillifishMicrobiome/filtered/KLF_33_R1.fastq.gz, /vortexfs1/scratch/lma/KillifishMicrobiome/filtered/KLF_200_R1.fastq.gz, /vortexfs1/scratch/lma/KillifishMicrobiome/filtered/KLF_NBH_water_2_R1.fastq.gz, /vortexfs1/scratch/lma/KillifishMicrobiome/filtered/KLF_extraction_Ctrl_5_R1.fastq.gz, /vortexfs1/scratch/lma/KillifishMicrobiome/filtered/KLF_241_R1.fastq.gz, /vortexfs1/scratch/lma/KillifishMicrobiome/filtered/KLF_208_R1.fastq.gz, /vortexfs1/scratch/lma/KillifishMicrobiome/filtered/KLF_220_R1.fastq.gz, /vortexfs1/scratch/lma/KillifishMicrobiome/filtered/KLF_70_R1.fastq.gz, /vortexfs1/scratch/lma/KillifishMicrobiome/filtered/KLF_229_R1.fastq.gz, /vortexfs1/scratch/lma/KillifishMicrobiome/filtered/KLF_28_R1.fastq.gz, /vortexfs1/scratch/lma/KillifishMicrobiome/filtered/KLF_203_R1.fastq.gz, /vortexfs1/scratch/lma/KillifishMicrobiome/filtered/KLF_210_R1.fastq.gz, /vortexfs1/scratch/lma/KillifishMicrobiome/filtered/KLF_4_R1.fastq.gz, /vortexfs1/scratch/lma/KillifishMicrobiome/filtered/KLF_40_R1.fastq.gz, /vortexfs1/scratch/lma/KillifishMicrobiome/filtered/KLF_67_R1.fastq.gz, /vortexfs1/scratch/lma/KillifishMicrobiome/filtered/KLF_NBH_water_1_R1.fastq.gz, /vortexfs1/scratch/lma/KillifishMicrobiome/filtered/KLF_201_R1.fastq.gz, /vortexfs1/scratch/lma/KillifishMicrobiome/filtered/KLF_73_R1.fastq.gz, /vortexfs1/scratch/lma/KillifishMicrobiome/filtered/KLF_X2_R1.fastq.gz, /vortexfs1/scratch/lma/KillifishMicrobiome/filtered/KLF_221_R1.fastq.gz, /vortexfs1/scratch/lma/KillifishMicrobiome/filtered/KLF_79_R1.fastq.gz, /vortexfs1/scratch/lma/KillifishMicrobiome/filtered/KLF_243_R1.fastq.gz, /vortexfs1/scratch/lma/KillifishMicrobiome/filtered/KLF_106_R1.fastq.gz, /vortexfs1/scratch/lma/KillifishMicrobiome/filtered/KLF_64_R1.fastq.gz, /vortexfs1/scratch/lma/KillifishMicrobiome/filtered/KLF_66_R1.fastq.gz, /vortexfs1/scratch/lma/KillifishMicrobiome/filtered/KLF_X3_R1.fastq.gz, /vortexfs1/scratch/lma/KillifishMicrobiome/filtered/KLF_59_R1.fastq.gz, /vortexfs1/scratch/lma/KillifishMicrobiome/filtered/KLF_76_R1.fastq.gz, /vortexfs1/scratch/lma/KillifishMicrobiome/filtered/KLF_104_R1.fastq.gz, /vortexfs1/scratch/lma/KillifishMicrobiome/filtered/KLF_237_R1.fastq.gz, /vortexfs1/scratch/lma/KillifishMicrobiome/filtered/KLF_Mock1_R1.fastq.gz, /vortexfs1/scratch/lma/KillifishMicrobiome/filtered/KLF_240_R1.fastq.gz, /vortexfs1/scratch/lma/KillifishMicrobiome/filtered/KLF_225_R1.fastq.gz, /vortexfs1/scratch/lma/KillifishMicrobiome/filtered/KLF_218_R1.fastq.gz, /vortexfs1/scratch/lma/KillifishMicrobiome/filtered/KLF_PCR_neg_R1.fastq.gz, /vortexfs1/scratch/lma/KillifishMicrobiome/filtered/KLF_72_R1.fastq.gz, /vortexfs1/scratch/lma/KillifishMicrobiome/filtered/KLF_27_R1.fastq.gz, /vortexfs1/scratch/lma/KillifishMicrobiome/filtered/KLF_216_R1.fastq.gz, /vortexfs1/scratch/lma/KillifishMicrobiome/filtered/KLF_57_R1.fastq.gz, /vortexfs1/scratch/lma/KillifishMicrobiome/filtered/KLF_69_R1.fastq.gz, /vortexfs1/scratch/lma/KillifishMicrobiome/filtered/KLF_50_R1.fastq.gz, /vortexfs1/scratch/lma/KillifishMicrobiome/filtered/KLF_41_R1.fastq.gz, /vortexfs1/scratch/lma/KillifishMicrobiome/filtered/KLF_242_R1.fastq.gz, /vortexfs1/scratch/lma/KillifishMicrobiome/filtered/KLF_60_R1.fastq.gz, /vortexfs1/scratch/lma/KillifishMicrobiome/filtered/KLF_62_R1.fastq.gz, /vortexfs1/scratch/lma/KillifishMicrobiome/filtered/KLF_36_R1.fastq.gz, /vortexfs1/scratch/lma/KillifishMicrobiome/filtered/KLF_42_R1.fastq.gz, /vortexfs1/scratch/lma/KillifishMicrobiome/filtered/KLF_65_R1.fastq.gz, /vortexfs1/scratch/lma/KillifishMicrobiome/filtered/KLF_244_R1.fastq.gz, /vortexfs1/scratch/lma/KillifishMicrobiome/filtered/KLF_13_R1.fastq.gz, /vortexfs1/scratch/lma/KillifishMicrobiome/filtered/KLF_215_R1.fastq.gz, /vortexfs1/scratch/lma/KillifishMicrobiome/filtered/KLF_SC_water_2_R1.fastq.gz, /vortexfs1/scratch/lma/KillifishMicrobiome/filtered/KLF_206_R1.fastq.gz, /vortexfs1/scratch/lma/KillifishMicrobiome/filtered/KLF_228_R1.fastq.gz, /vortexfs1/scratch/lma/KillifishMicrobiome/filtered/KLF_34_R1.fastq.gz, /vortexfs1/scratch/lma/KillifishMicrobiome/filtered/KLF_226_R1.fastq.gz, /vortexfs1/scratch/lma/KillifishMicrobiome/filtered/KLF_6_R1.fastq.gz, /vortexfs1/scratch/lma/KillifishMicrobiome/filtered/KLF_219_R1.fastq.gz, /vortexfs1/scratch/lma/KillifishMicrobiome/filtered/KLF_30_R1.fastq.gz, /vortexfs1/scratch/lma/KillifishMicrobiome/filtered/KLF_11_R1.fastq.gz, /vortexfs1/scratch/lma/KillifishMicrobiome/filtered/KLF_239_R1.fastq.gz, /vortexfs1/scratch/lma/KillifishMicrobiome/filtered/KLF_31_R1.fastq.gz, /vortexfs1/scratch/lma/KillifishMicrobiome/filtered/KLF_3_R1.fastq.gz, /vortexfs1/scratch/lma/KillifishMicrobiome/filtered/KLF_53_R1.fastq.gz, /vortexfs1/scratch/lma/KillifishMicrobiome/filtered/KLF_61_R1.fastq.gz, /vortexfs1/scratch/lma/KillifishMicrobiome/filtered/KLF_68_R1.fastq.gz, /vortexfs1/scratch/lma/KillifishMicrobiome/filtered/KLF_211_R1.fastq.gz, /vortexfs1/scratch/lma/KillifishMicrobiome/filtered/KLF_49_R1.fastq.gz, /vortexfs1/scratch/lma/KillifishMicrobiome/filtered/KLF_63_R1.fastq.gz, /vortexfs1/scratch/lma/KillifishMicrobiome/filtered/KLF_24_R1.fastq.gz, /vortexfs1/scratch/lma/KillifishMicrobiome/filtered/KLF_100_R1.fastq.gz, /vortexfs1/scratch/lma/KillifishMicrobiome/filtered/KLF_9_R1.fastq.gz, /vortexfs1/scratch/lma/KillifishMicrobiome/filtered/KLF_8_R1.fastq.gz, /vortexfs1/scratch/lma/KillifishMicrobiome/filtered/KLF_109_R1.fastq.gz, /vortexfs1/scratch/lma/KillifishMicrobiome/filtered/KLF_55_R1.fastq.gz, /vortexfs1/scratch/lma/KillifishMicrobiome/filtered/KLF_25_R1.fastq.gz, /vortexfs1/scratch/lma/KillifishMicrobiome/filtered/KLF_204_R1.fastq.gz, /vortexfs1/scratch/lma/KillifishMicrobiome/filtered/KLF_111_R1.fastq.gz, /vortexfs1/scratch/lma/KillifishMicrobiome/filtered/KLF_108_R1.fastq.gz, /vortexfs1/scratch/lma/KillifishMicrobiome/filtered/KLF_112_R1.fastq.gz, /vortexfs1/scratch/lma/KillifishMicrobiome/filtered/KLF_29_R2.fastq.gz, /vortexfs1/scratch/lma/KillifishMicrobiome/filtered/KLF_18_R2.fastq.gz, /vortexfs1/scratch/lma/KillifishMicrobiome/filtered/KLF_47_R2.fastq.gz, /vortexfs1/scratch/lma/KillifishMicrobiome/filtered/KLF_14_R2.fastq.gz, /vortexfs1/scratch/lma/KillifishMicrobiome/filtered/KLF_23_R2.fastq.gz, /vortexfs1/scratch/lma/KillifishMicrobiome/filtered/KLF_238_R2.fastq.gz, /vortexfs1/scratch/lma/KillifishMicrobiome/filtered/KLF_78_R2.fastq.gz, /vortexfs1/scratch/lma/KillifishMicrobiome/filtered/KLF_extraction_Ctrl_1_R2.fastq.gz, /vortexfs1/scratch/lma/KillifishMicrobiome/filtered/KLF_56_R2.fastq.gz, /vortexfs1/scratch/lma/KillifishMicrobiome/filtered/KLF_48_R2.fastq.gz, /vortexfs1/scratch/lma/KillifishMicrobiome/filtered/KLF_236_R2.fastq.gz, /vortexfs1/scratch/lma/KillifishMicrobiome/filtered/KLF_32_R2.fastq.gz, /vortexfs1/scratch/lma/KillifishMicrobiome/filtered/KLF_202_R2.fastq.gz, /vortexfs1/scratch/lma/KillifishMicrobiome/filtered/KLF_214_R2.fastq.gz, /vortexfs1/scratch/lma/KillifishMicrobiome/filtered/KLF_212_R2.fastq.gz, /vortexfs1/scratch/lma/KillifishMicrobiome/filtered/KLF_extraction_Ctrl_2_R2.fastq.gz, /vortexfs1/scratch/lma/KillifishMicrobiome/filtered/KLF_12_R2.fastq.gz, /vortexfs1/scratch/lma/KillifishMicrobiome/filtered/KLF_227_R2.fastq.gz, /vortexfs1/scratch/lma/KillifishMicrobiome/filtered/KLF_114_R2.fastq.gz, /vortexfs1/scratch/lma/KillifishMicrobiome/filtered/KLF_SC_water_1_R2.fastq.gz, /vortexfs1/scratch/lma/KillifishMicrobiome/filtered/KLF_52_R2.fastq.gz, /vortexfs1/scratch/lma/KillifishMicrobiome/filtered/KLF_19_R2.fastq.gz, /vortexfs1/scratch/lma/KillifishMicrobiome/filtered/KLF_58_R2.fastq.gz, /vortexfs1/scratch/lma/KillifishMicrobiome/filtered/KLF_234_R2.fastq.gz, /vortexfs1/scratch/lma/KillifishMicrobiome/filtered/KLF_105_R2.fastq.gz, /vortexfs1/scratch/lma/KillifishMicrobiome/filtered/KLF_Mock2_R2.fastq.gz, /vortexfs1/scratch/lma/KillifishMicrobiome/filtered/KLF_51_R2.fastq.gz, /vortexfs1/scratch/lma/KillifishMicrobiome/filtered/KLF_107_R2.fastq.gz, /vortexfs1/scratch/lma/KillifishMicrobiome/filtered/KLF_26_R2.fastq.gz, /vortexfs1/scratch/lma/KillifishMicrobiome/filtered/KLF_75_R2.fastq.gz, /vortexfs1/scratch/lma/KillifishMicrobiome/filtered/KLF_37_R2.fastq.gz, /vortexfs1/scratch/lma/KillifishMicrobiome/filtered/KLF_235_R2.fastq.gz, /vortexfs1/scratch/lma/KillifishMicrobiome/filtered/KLF_209_R2.fastq.gz, /vortexfs1/scratch/lma/KillifishMicrobiome/filtered/KLF_205_R2.fastq.gz, /vortexfs1/scratch/lma/KillifishMicrobiome/filtered/KLF_35_R2.fastq.gz, /vortexfs1/scratch/lma/KillifishMicrobiome/filtered/KLF_43_R2.fastq.gz, /vortexfs1/scratch/lma/KillifishMicrobiome/filtered/KLF_110_R2.fastq.gz, /vortexfs1/scratch/lma/KillifishMicrobiome/filtered/KLF_extraction_Ctrl_4_R2.fastq.gz, /vortexfs1/scratch/lma/KillifishMicrobiome/filtered/KLF_22_R2.fastq.gz, /vortexfs1/scratch/lma/KillifishMicrobiome/filtered/KLF_54_R2.fastq.gz, /vortexfs1/scratch/lma/KillifishMicrobiome/filtered/KLF_71_R2.fastq.gz, /vortexfs1/scratch/lma/KillifishMicrobiome/filtered/KLF_222_R2.fastq.gz, /vortexfs1/scratch/lma/KillifishMicrobiome/filtered/KLF_103_R2.fastq.gz, /vortexfs1/scratch/lma/KillifishMicrobiome/filtered/KLF_1_R2.fastq.gz, /vortexfs1/scratch/lma/KillifishMicrobiome/filtered/KLF_neg_R2.fastq.gz, /vortexfs1/scratch/lma/KillifishMicrobiome/filtered/KLF_21_R2.fastq.gz, /vortexfs1/scratch/lma/KillifishMicrobiome/filtered/KLF_5_R2.fastq.gz, /vortexfs1/scratch/lma/KillifishMicrobiome/filtered/KLF_15_R2.fastq.gz, /vortexfs1/scratch/lma/KillifishMicrobiome/filtered/KLF_224_R2.fastq.gz, /vortexfs1/scratch/lma/KillifishMicrobiome/filtered/KLF_7_R2.fastq.gz, /vortexfs1/scratch/lma/KillifishMicrobiome/filtered/KLF_X1_R2.fastq.gz, /vortexfs1/scratch/lma/KillifishMicrobiome/filtered/KLF_2_R2.fastq.gz, /vortexfs1/scratch/lma/KillifishMicrobiome/filtered/KLF_10_R2.fastq.gz, /vortexfs1/scratch/lma/KillifishMicrobiome/filtered/KLF_207_R2.fastq.gz, /vortexfs1/scratch/lma/KillifishMicrobiome/filtered/KLF_46_R2.fastq.gz, /vortexfs1/scratch/lma/KillifishMicrobiome/filtered/KLF_77_R2.fastq.gz, /vortexfs1/scratch/lma/KillifishMicrobiome/filtered/KLF_17_R2.fastq.gz, /vortexfs1/scratch/lma/KillifishMicrobiome/filtered/KLF_217_R2.fastq.gz, /vortexfs1/scratch/lma/KillifishMicrobiome/filtered/KLF_39_R2.fastq.gz, /vortexfs1/scratch/lma/KillifishMicrobiome/filtered/KLF_44_R2.fastq.gz, /vortexfs1/scratch/lma/KillifishMicrobiome/filtered/KLF_16_R2.fastq.gz, /vortexfs1/scratch/lma/KillifishMicrobiome/filtered/KLF_233_R2.fastq.gz, /vortexfs1/scratch/lma/KillifishMicrobiome/filtered/KLF_101_R2.fastq.gz, /vortexfs1/scratch/lma/KillifishMicrobiome/filtered/KLF_213_R2.fastq.gz, /vortexfs1/scratch/lma/KillifishMicrobiome/filtered/KLF_232_R2.fastq.gz, /vortexfs1/scratch/lma/KillifishMicrobiome/filtered/KLF_230_R2.fastq.gz, /vortexfs1/scratch/lma/KillifishMicrobiome/filtered/KLF_74_R2.fastq.gz, /vortexfs1/scratch/lma/KillifishMicrobiome/filtered/KLF_38_R2.fastq.gz, /vortexfs1/scratch/lma/KillifishMicrobiome/filtered/KLF_extraction_Ctrl_3_R2.fastq.gz, /vortexfs1/scratch/lma/KillifishMicrobiome/filtered/KLF_80_R2.fastq.gz, /vortexfs1/scratch/lma/KillifishMicrobiome/filtered/KLF_231_R2.fastq.gz, /vortexfs1/scratch/lma/KillifishMicrobiome/filtered/KLF_45_R2.fastq.gz, /vortexfs1/scratch/lma/KillifishMicrobiome/filtered/KLF_102_R2.fastq.gz, /vortexfs1/scratch/lma/KillifishMicrobiome/filtered/KLF_113_R2.fastq.gz, /vortexfs1/scratch/lma/KillifishMicrobiome/filtered/KLF_20_R2.fastq.gz, /vortexfs1/scratch/lma/KillifishMicrobiome/filtered/KLF_33_R2.fastq.gz, /vortexfs1/scratch/lma/KillifishMicrobiome/filtered/KLF_200_R2.fastq.gz, /vortexfs1/scratch/lma/KillifishMicrobiome/filtered/KLF_NBH_water_2_R2.fastq.gz, /vortexfs1/scratch/lma/KillifishMicrobiome/filtered/KLF_extraction_Ctrl_5_R2.fastq.gz, /vortexfs1/scratch/lma/KillifishMicrobiome/filtered/KLF_241_R2.fastq.gz, /vortexfs1/scratch/lma/KillifishMicrobiome/filtered/KLF_208_R2.fastq.gz, /vortexfs1/scratch/lma/KillifishMicrobiome/filtered/KLF_220_R2.fastq.gz, /vortexfs1/scratch/lma/KillifishMicrobiome/filtered/KLF_70_R2.fastq.gz, /vortexfs1/scratch/lma/KillifishMicrobiome/filtered/KLF_229_R2.fastq.gz, /vortexfs1/scratch/lma/KillifishMicrobiome/filtered/KLF_28_R2.fastq.gz, /vortexfs1/scratch/lma/KillifishMicrobiome/filtered/KLF_203_R2.fastq.gz, /vortexfs1/scratch/lma/KillifishMicrobiome/filtered/KLF_210_R2.fastq.gz, /vortexfs1/scratch/lma/KillifishMicrobiome/filtered/KLF_4_R2.fastq.gz, /vortexfs1/scratch/lma/KillifishMicrobiome/filtered/KLF_40_R2.fastq.gz, /vortexfs1/scratch/lma/KillifishMicrobiome/filtered/KLF_67_R2.fastq.gz, /vortexfs1/scratch/lma/KillifishMicrobiome/filtered/KLF_NBH_water_1_R2.fastq.gz, /vortexfs1/scratch/lma/KillifishMicrobiome/filtered/KLF_201_R2.fastq.gz, /vortexfs1/scratch/lma/KillifishMicrobiome/filtered/KLF_73_R2.fastq.gz, /vortexfs1/scratch/lma/KillifishMicrobiome/filtered/KLF_X2_R2.fastq.gz, /vortexfs1/scratch/lma/KillifishMicrobiome/filtered/KLF_221_R2.fastq.gz, /vortexfs1/scratch/lma/KillifishMicrobiome/filtered/KLF_79_R2.fastq.gz, /vortexfs1/scratch/lma/KillifishMicrobiome/filtered/KLF_243_R2.fastq.gz, /vortexfs1/scratch/lma/KillifishMicrobiome/filtered/KLF_106_R2.fastq.gz, /vortexfs1/scratch/lma/KillifishMicrobiome/filtered/KLF_64_R2.fastq.gz, /vortexfs1/scratch/lma/KillifishMicrobiome/filtered/KLF_66_R2.fastq.gz, /vortexfs1/scratch/lma/KillifishMicrobiome/filtered/KLF_X3_R2.fastq.gz, /vortexfs1/scratch/lma/KillifishMicrobiome/filtered/KLF_59_R2.fastq.gz, /vortexfs1/scratch/lma/KillifishMicrobiome/filtered/KLF_76_R2.fastq.gz, /vortexfs1/scratch/lma/KillifishMicrobiome/filtered/KLF_104_R2.fastq.gz, /vortexfs1/scratch/lma/KillifishMicrobiome/filtered/KLF_237_R2.fastq.gz, /vortexfs1/scratch/lma/KillifishMicrobiome/filtered/KLF_Mock1_R2.fastq.gz, /vortexfs1/scratch/lma/KillifishMicrobiome/filtered/KLF_240_R2.fastq.gz, /vortexfs1/scratch/lma/KillifishMicrobiome/filtered/KLF_225_R2.fastq.gz, /vortexfs1/scratch/lma/KillifishMicrobiome/filtered/KLF_218_R2.fastq.gz, /vortexfs1/scratch/lma/KillifishMicrobiome/filtered/KLF_PCR_neg_R2.fastq.gz, /vortexfs1/scratch/lma/KillifishMicrobiome/filtered/KLF_72_R2.fastq.gz, /vortexfs1/scratch/lma/KillifishMicrobiome/filtered/KLF_27_R2.fastq.gz, /vortexfs1/scratch/lma/KillifishMicrobiome/filtered/KLF_216_R2.fastq.gz, /vortexfs1/scratch/lma/KillifishMicrobiome/filtered/KLF_57_R2.fastq.gz, /vortexfs1/scratch/lma/KillifishMicrobiome/filtered/KLF_69_R2.fastq.gz, /vortexfs1/scratch/lma/KillifishMicrobiome/filtered/KLF_50_R2.fastq.gz, /vortexfs1/scratch/lma/KillifishMicrobiome/filtered/KLF_41_R2.fastq.gz, /vortexfs1/scratch/lma/KillifishMicrobiome/filtered/KLF_242_R2.fastq.gz, /vortexfs1/scratch/lma/KillifishMicrobiome/filtered/KLF_60_R2.fastq.gz, /vortexfs1/scratch/lma/KillifishMicrobiome/filtered/KLF_62_R2.fastq.gz, /vortexfs1/scratch/lma/KillifishMicrobiome/filtered/KLF_36_R2.fastq.gz, /vortexfs1/scratch/lma/KillifishMicrobiome/filtered/KLF_42_R2.fastq.gz, /vortexfs1/scratch/lma/KillifishMicrobiome/filtered/KLF_65_R2.fastq.gz, /vortexfs1/scratch/lma/KillifishMicrobiome/filtered/KLF_244_R2.fastq.gz, /vortexfs1/scratch/lma/KillifishMicrobiome/filtered/KLF_13_R2.fastq.gz, /vortexfs1/scratch/lma/KillifishMicrobiome/filtered/KLF_215_R2.fastq.gz, /vortexfs1/scratch/lma/KillifishMicrobiome/filtered/KLF_SC_water_2_R2.fastq.gz, /vortexfs1/scratch/lma/KillifishMicrobiome/filtered/KLF_206_R2.fastq.gz, /vortexfs1/scratch/lma/KillifishMicrobiome/filtered/KLF_228_R2.fastq.gz, /vortexfs1/scratch/lma/KillifishMicrobiome/filtered/KLF_34_R2.fastq.gz, /vortexfs1/scratch/lma/KillifishMicrobiome/filtered/KLF_226_R2.fastq.gz, /vortexfs1/scratch/lma/KillifishMicrobiome/filtered/KLF_6_R2.fastq.gz, /vortexfs1/scratch/lma/KillifishMicrobiome/filtered/KLF_219_R2.fastq.gz, /vortexfs1/scratch/lma/KillifishMicrobiome/filtered/KLF_30_R2.fastq.gz, /vortexfs1/scratch/lma/KillifishMicrobiome/filtered/KLF_11_R2.fastq.gz, /vortexfs1/scratch/lma/KillifishMicrobiome/filtered/KLF_239_R2.fastq.gz, /vortexfs1/scratch/lma/KillifishMicrobiome/filtered/KLF_31_R2.fastq.gz, /vortexfs1/scratch/lma/KillifishMicrobiome/filtered/KLF_3_R2.fastq.gz, /vortexfs1/scratch/lma/KillifishMicrobiome/filtered/KLF_53_R2.fastq.gz, /vortexfs1/scratch/lma/KillifishMicrobiome/filtered/KLF_61_R2.fastq.gz, /vortexfs1/scratch/lma/KillifishMicrobiome/filtered/KLF_68_R2.fastq.gz, /vortexfs1/scratch/lma/KillifishMicrobiome/filtered/KLF_211_R2.fastq.gz, /vortexfs1/scratch/lma/KillifishMicrobiome/filtered/KLF_49_R2.fastq.gz, /vortexfs1/scratch/lma/KillifishMicrobiome/filtered/KLF_63_R2.fastq.gz, /vortexfs1/scratch/lma/KillifishMicrobiome/filtered/KLF_24_R2.fastq.gz, /vortexfs1/scratch/lma/KillifishMicrobiome/filtered/KLF_100_R2.fastq.gz, /vortexfs1/scratch/lma/KillifishMicrobiome/filtered/KLF_9_R2.fastq.gz, /vortexfs1/scratch/lma/KillifishMicrobiome/filtered/KLF_8_R2.fastq.gz, /vortexfs1/scratch/lma/KillifishMicrobiome/filtered/KLF_109_R2.fastq.gz, /vortexfs1/scratch/lma/KillifishMicrobiome/filtered/KLF_55_R2.fastq.gz, /vortexfs1/scratch/lma/KillifishMicrobiome/filtered/KLF_25_R2.fastq.gz, /vortexfs1/scratch/lma/KillifishMicrobiome/filtered/KLF_204_R2.fastq.gz, /vortexfs1/scratch/lma/KillifishMicrobiome/filtered/KLF_111_R2.fastq.gz, /vortexfs1/scratch/lma/KillifishMicrobiome/filtered/KLF_108_R2.fastq.gz, /vortexfs1/scratch/lma/KillifishMicrobiome/filtered/KLF_112_R2.fastq.gz, output/errorRates_R1.rds, output/errorRates_R2.rds
    output: output/seqtab_withchimeras.rds, output/track_derep.txt
    log: logs/dereplicate.txt
    jobid: 0

Loading required package: Rcpp
111917 paired-reads (in 44 unique pairings) successfully merged out of 112598 (in 150 pairings) input.
96980 paired-reads (in 47 unique pairings) successfully merged out of 98440 (in 186 pairings) input.
51779 paired-reads (in 165 unique pairings) successfully merged out of 55715 (in 346 pairings) input.
94030 paired-reads (in 289 unique pairings) successfully merged out of 95448 (in 520 pairings) input.
102158 paired-reads (in 111 unique pairings) successfully merged out of 103681 (in 343 pairings) input.
145551 paired-reads (in 101 unique pairings) successfully merged out of 146833 (in 210 pairings) input.
90475 paired-reads (in 299 unique pairings) successfully merged out of 92038 (in 529 pairings) input.
189979 paired-reads (in 91 unique pairings) successfully merged out of 196219 (in 195 pairings) input.
73127 paired-reads (in 368 unique pairings) successfully merged out of 73550 (in 459 pairings) input.
84417 paired-reads (in 882 unique pairings) successfully merged out of 86035 (in 1296 pairings) input.
102997 paired-reads (in 171 unique pairings) successfully merged out of 103814 (in 277 pairings) input.
119086 paired-reads (in 84 unique pairings) successfully merged out of 121135 (in 405 pairings) input.
129273 paired-reads (in 93 unique pairings) successfully merged out of 129793 (in 192 pairings) input.
177432 paired-reads (in 84 unique pairings) successfully merged out of 180164 (in 194 pairings) input.
108269 paired-reads (in 61 unique pairings) successfully merged out of 108425 (in 105 pairings) input.
206029 paired-reads (in 69 unique pairings) successfully merged out of 213129 (in 180 pairings) input.
95626 paired-reads (in 73 unique pairings) successfully merged out of 95865 (in 131 pairings) input.
102174 paired-reads (in 108 unique pairings) successfully merged out of 104180 (in 363 pairings) input.
67322 paired-reads (in 150 unique pairings) successfully merged out of 67719 (in 224 pairings) input.
100821 paired-reads (in 662 unique pairings) successfully merged out of 104837 (in 1539 pairings) input.
84789 paired-reads (in 722 unique pairings) successfully merged out of 85869 (in 1013 pairings) input.
98183 paired-reads (in 134 unique pairings) successfully merged out of 99972 (in 386 pairings) input.
83167 paired-reads (in 497 unique pairings) successfully merged out of 86904 (in 1248 pairings) input.
105532 paired-reads (in 73 unique pairings) successfully merged out of 106355 (in 151 pairings) input.
125427 paired-reads (in 84 unique pairings) successfully merged out of 125869 (in 170 pairings) input.
569395 paired-reads (in 601 unique pairings) successfully merged out of 612269 (in 2867 pairings) input.
48120 paired-reads (in 591 unique pairings) successfully merged out of 48729 (in 767 pairings) input.
114320 paired-reads (in 103 unique pairings) successfully merged out of 114943 (in 179 pairings) input.
90641 paired-reads (in 68 unique pairings) successfully merged out of 91591 (in 197 pairings) input.
76222 paired-reads (in 678 unique pairings) successfully merged out of 78826 (in 1396 pairings) input.
107728 paired-reads (in 193 unique pairings) successfully merged out of 109361 (in 504 pairings) input.
62790 paired-reads (in 51 unique pairings) successfully merged out of 63649 (in 135 pairings) input.
87265 paired-reads (in 101 unique pairings) successfully merged out of 87925 (in 187 pairings) input.
65855 paired-reads (in 85 unique pairings) successfully merged out of 66226 (in 149 pairings) input.
102187 paired-reads (in 61 unique pairings) successfully merged out of 125564 (in 205 pairings) input.
80234 paired-reads (in 461 unique pairings) successfully merged out of 81196 (in 672 pairings) input.
66627 paired-reads (in 66 unique pairings) successfully merged out of 66826 (in 124 pairings) input.
40802 paired-reads (in 40 unique pairings) successfully merged out of 41340 (in 57 pairings) input.
84684 paired-reads (in 62 unique pairings) successfully merged out of 85645 (in 181 pairings) input.
73635 paired-reads (in 386 unique pairings) successfully merged out of 75021 (in 633 pairings) input.
90578 paired-reads (in 603 unique pairings) successfully merged out of 92619 (in 1061 pairings) input.
102890 paired-reads (in 77 unique pairings) successfully merged out of 103253 (in 143 pairings) input.
95812 paired-reads (in 121 unique pairings) successfully merged out of 96605 (in 221 pairings) input.
111305 paired-reads (in 211 unique pairings) successfully merged out of 112979 (in 399 pairings) input.
2177 paired-reads (in 13 unique pairings) successfully merged out of 2335 (in 36 pairings) input.
101920 paired-reads (in 26 unique pairings) successfully merged out of 102885 (in 84 pairings) input.
110628 paired-reads (in 499 unique pairings) successfully merged out of 112704 (in 896 pairings) input.
100824 paired-reads (in 64 unique pairings) successfully merged out of 102021 (in 166 pairings) input.
114843 paired-reads (in 86 unique pairings) successfully merged out of 115400 (in 168 pairings) input.
100770 paired-reads (in 47 unique pairings) successfully merged out of 101619 (in 110 pairings) input.
27301 paired-reads (in 33 unique pairings) successfully merged out of 27733 (in 49 pairings) input.
117492 paired-reads (in 510 unique pairings) successfully merged out of 119866 (in 1004 pairings) input.
116355 paired-reads (in 111 unique pairings) successfully merged out of 119265 (in 706 pairings) input.
111262 paired-reads (in 111 unique pairings) successfully merged out of 112236 (in 179 pairings) input.
58598 paired-reads (in 408 unique pairings) successfully merged out of 59828 (in 568 pairings) input.
95996 paired-reads (in 357 unique pairings) successfully merged out of 97120 (in 653 pairings) input.
99581 paired-reads (in 191 unique pairings) successfully merged out of 100690 (in 390 pairings) input.
126881 paired-reads (in 85 unique pairings) successfully merged out of 127675 (in 199 pairings) input.
87318 paired-reads (in 33 unique pairings) successfully merged out of 87904 (in 80 pairings) input.
60670 paired-reads (in 596 unique pairings) successfully merged out of 62396 (in 788 pairings) input.
87798 paired-reads (in 257 unique pairings) successfully merged out of 88897 (in 401 pairings) input.
99713 paired-reads (in 92 unique pairings) successfully merged out of 100215 (in 164 pairings) input.
133472 paired-reads (in 260 unique pairings) successfully merged out of 134829 (in 504 pairings) input.
117047 paired-reads (in 62 unique pairings) successfully merged out of 117507 (in 136 pairings) input.
107979 paired-reads (in 181 unique pairings) successfully merged out of 108799 (in 310 pairings) input.
97503 paired-reads (in 69 unique pairings) successfully merged out of 98255 (in 158 pairings) input.
95925 paired-reads (in 304 unique pairings) successfully merged out of 102306 (in 1065 pairings) input.
81972 paired-reads (in 55 unique pairings) successfully merged out of 135605 (in 163 pairings) input.
100123 paired-reads (in 91 unique pairings) successfully merged out of 102123 (in 168 pairings) input.
97867 paired-reads (in 179 unique pairings) successfully merged out of 107230 (in 402 pairings) input.
61569 paired-reads (in 85 unique pairings) successfully merged out of 62087 (in 192 pairings) input.
81284 paired-reads (in 168 unique pairings) successfully merged out of 81758 (in 277 pairings) input.
86934 paired-reads (in 90 unique pairings) successfully merged out of 87399 (in 166 pairings) input.
81853 paired-reads (in 96 unique pairings) successfully merged out of 82489 (in 191 pairings) input.
71803 paired-reads (in 86 unique pairings) successfully merged out of 72618 (in 153 pairings) input.
75531 paired-reads (in 46 unique pairings) successfully merged out of 76595 (in 138 pairings) input.
109708 paired-reads (in 146 unique pairings) successfully merged out of 110351 (in 240 pairings) input.
122794 paired-reads (in 709 unique pairings) successfully merged out of 126463 (in 1486 pairings) input.
101982 paired-reads (in 59 unique pairings) successfully merged out of 104706 (in 113 pairings) input.
132126 paired-reads (in 66 unique pairings) successfully merged out of 132622 (in 127 pairings) input.
112540 paired-reads (in 159 unique pairings) successfully merged out of 113610 (in 307 pairings) input.
83652 paired-reads (in 72 unique pairings) successfully merged out of 83894 (in 121 pairings) input.
96754 paired-reads (in 234 unique pairings) successfully merged out of 100794 (in 904 pairings) input.
69062 paired-reads (in 68 unique pairings) successfully merged out of 69510 (in 142 pairings) input.
75532 paired-reads (in 136 unique pairings) successfully merged out of 76620 (in 355 pairings) input.
103570 paired-reads (in 74 unique pairings) successfully merged out of 103912 (in 131 pairings) input.
110398 paired-reads (in 78 unique pairings) successfully merged out of 111616 (in 206 pairings) input.
112555 paired-reads (in 77 unique pairings) successfully merged out of 113927 (in 260 pairings) input.
95934 paired-reads (in 39 unique pairings) successfully merged out of 128712 (in 87 pairings) input.
125306 paired-reads (in 384 unique pairings) successfully merged out of 127788 (in 866 pairings) input.
101137 paired-reads (in 723 unique pairings) successfully merged out of 104630 (in 1400 pairings) input.
109253 paired-reads (in 66 unique pairings) successfully merged out of 109655 (in 140 pairings) input.
94834 paired-reads (in 524 unique pairings) successfully merged out of 97426 (in 1043 pairings) input.
21633 paired-reads (in 23 unique pairings) successfully merged out of 21936 (in 30 pairings) input.
99111 paired-reads (in 93 unique pairings) successfully merged out of 99715 (in 185 pairings) input.
95669 paired-reads (in 329 unique pairings) successfully merged out of 98806 (in 747 pairings) input.
85165 paired-reads (in 88 unique pairings) successfully merged out of 86026 (in 212 pairings) input.
73296 paired-reads (in 156 unique pairings) successfully merged out of 73772 (in 247 pairings) input.
53008 paired-reads (in 511 unique pairings) successfully merged out of 54976 (in 919 pairings) input.
107867 paired-reads (in 665 unique pairings) successfully merged out of 112731 (in 1583 pairings) input.
13607 paired-reads (in 25 unique pairings) successfully merged out of 13773 (in 39 pairings) input.
65630 paired-reads (in 541 unique pairings) successfully merged out of 69110 (in 1271 pairings) input.
101845 paired-reads (in 120 unique pairings) successfully merged out of 106106 (in 589 pairings) input.
103051 paired-reads (in 208 unique pairings) successfully merged out of 103847 (in 317 pairings) input.
66603 paired-reads (in 46 unique pairings) successfully merged out of 66899 (in 103 pairings) input.
90089 paired-reads (in 215 unique pairings) successfully merged out of 92820 (in 731 pairings) input.
97677 paired-reads (in 60 unique pairings) successfully merged out of 98079 (in 131 pairings) input.
102654 paired-reads (in 86 unique pairings) successfully merged out of 103401 (in 138 pairings) input.
118477 paired-reads (in 64 unique pairings) successfully merged out of 119485 (in 178 pairings) input.
2126 paired-reads (in 8 unique pairings) successfully merged out of 2126 (in 8 pairings) input.
94918 paired-reads (in 749 unique pairings) successfully merged out of 102104 (in 1976 pairings) input.
97239 paired-reads (in 30 unique pairings) successfully merged out of 97702 (in 116 pairings) input.
73494 paired-reads (in 69 unique pairings) successfully merged out of 73792 (in 119 pairings) input.
63613 paired-reads (in 424 unique pairings) successfully merged out of 64366 (in 548 pairings) input.
111767 paired-reads (in 403 unique pairings) successfully merged out of 114740 (in 981 pairings) input.
69887 paired-reads (in 794 unique pairings) successfully merged out of 71143 (in 1032 pairings) input.
82305 paired-reads (in 395 unique pairings) successfully merged out of 83150 (in 503 pairings) input.
94571 paired-reads (in 129 unique pairings) successfully merged out of 95677 (in 278 pairings) input.
40329 paired-reads (in 504 unique pairings) successfully merged out of 43524 (in 1243 pairings) input.
60014 paired-reads (in 289 unique pairings) successfully merged out of 61506 (in 631 pairings) input.
215707 paired-reads (in 107 unique pairings) successfully merged out of 219997 (in 345 pairings) input.
93845 paired-reads (in 469 unique pairings) successfully merged out of 98466 (in 700 pairings) input.
120262 paired-reads (in 511 unique pairings) successfully merged out of 125232 (in 1609 pairings) input.
73207 paired-reads (in 87 unique pairings) successfully merged out of 75255 (in 162 pairings) input.
108728 paired-reads (in 98 unique pairings) successfully merged out of 110163 (in 346 pairings) input.
79986 paired-reads (in 72 unique pairings) successfully merged out of 80286 (in 140 pairings) input.
82647 paired-reads (in 639 unique pairings) successfully merged out of 86105 (in 1571 pairings) input.
65467 paired-reads (in 195 unique pairings) successfully merged out of 66163 (in 303 pairings) input.
89205 paired-reads (in 113 unique pairings) successfully merged out of 89885 (in 230 pairings) input.
90949 paired-reads (in 37 unique pairings) successfully merged out of 95722 (in 85 pairings) input.
87083 paired-reads (in 48 unique pairings) successfully merged out of 87849 (in 128 pairings) input.
88601 paired-reads (in 111 unique pairings) successfully merged out of 88946 (in 154 pairings) input.
99525 paired-reads (in 74 unique pairings) successfully merged out of 99953 (in 130 pairings) input.
93830 paired-reads (in 110 unique pairings) successfully merged out of 95474 (in 379 pairings) input.
125549 paired-reads (in 42 unique pairings) successfully merged out of 126049 (in 140 pairings) input.
78443 paired-reads (in 71 unique pairings) successfully merged out of 78854 (in 142 pairings) input.
98716 paired-reads (in 68 unique pairings) successfully merged out of 100264 (in 237 pairings) input.
99452 paired-reads (in 40 unique pairings) successfully merged out of 100008 (in 103 pairings) input.
45118 paired-reads (in 499 unique pairings) successfully merged out of 46480 (in 802 pairings) input.
78838 paired-reads (in 955 unique pairings) successfully merged out of 81175 (in 1459 pairings) input.
57496 paired-reads (in 128 unique pairings) successfully merged out of 60306 (in 483 pairings) input.
50552 paired-reads (in 53 unique pairings) successfully merged out of 50689 (in 87 pairings) input.
61535 paired-reads (in 382 unique pairings) successfully merged out of 62109 (in 464 pairings) input.
41444 paired-reads (in 406 unique pairings) successfully merged out of 42620 (in 700 pairings) input.
92053 paired-reads (in 87 unique pairings) successfully merged out of 92810 (in 276 pairings) input.
69001 paired-reads (in 82 unique pairings) successfully merged out of 69202 (in 136 pairings) input.
107721 paired-reads (in 112 unique pairings) successfully merged out of 108268 (in 196 pairings) input.
109518 paired-reads (in 386 unique pairings) successfully merged out of 111115 (in 585 pairings) input.
112581 paired-reads (in 106 unique pairings) successfully merged out of 113193 (in 213 pairings) input.
57981 paired-reads (in 266 unique pairings) successfully merged out of 58088 (in 304 pairings) input.
112905 paired-reads (in 49 unique pairings) successfully merged out of 114264 (in 201 pairings) input.
106429 paired-reads (in 76 unique pairings) successfully merged out of 106875 (in 149 pairings) input.
73938 paired-reads (in 295 unique pairings) successfully merged out of 75007 (in 529 pairings) input.
119224 paired-reads (in 141 unique pairings) successfully merged out of 121093 (in 350 pairings) input.
85777 paired-reads (in 70 unique pairings) successfully merged out of 85956 (in 126 pairings) input.
[Wed Sep 22 19:11:08 2021]
Finished job 0.
1 of 1 steps (100%) done
